20.0250 	WARNING 	Font Manager failed to load file /System/Library/PrivateFrameworks/FontServices.framework/Resources/Reserved/PingFangUI.ttc
32.9846 	INFO 	Loaded monitor calibration from ['2024_03_03 23:24']
33.3444 	EXP 	Created window1 = Window(allowGUI=True, allowStencil=False, autoLog=True, backendConf=UNKNOWN, backgroundFit=<method-wrapper '__getattribute__' of attributeSetter object at 0x15f3ca320>, backgroundImage=<method-wrapper '__getattribute__' of attributeSetter object at 0x15f3ca380>, bitsMode=UNKNOWN, blendMode='avg', bpc=(8, 8, 8), color=array([0, 0, 0]), colorSpace='rgb', depthBits=8, fullscr=False, gamma=None, gammaErrorPolicy='raise', infoMsg=UNKNOWN, lms=UNKNOWN, monitor=<psychopy.monitors.calibTools.Monitor object at 0x15f06a2c0>, multiSample=False, name='window1', numSamples=2, pos=[0.0, 0.0], screen=0, size=array([2880, 1800]), stencilBits=0, stereo=False, title='PsychoPy', units='height', useFBO=True, useRetina=True, viewOri=0.0, viewPos=None, viewScale=None, waitBlanking=True, winType='pyglet')
33.3445 	EXP 	window1: backgroundImage = ''
33.3445 	EXP 	window1: backgroundFit = 'none'
33.4072 	EXP 	window1: Attempting to measure frame rate of screen (0) ...
33.4072 	EXP 	window1: recordFrameIntervals = False
33.5882 	EXP 	window1: recordFrameIntervals = True
33.6343 	WARNING 	t of last frame was 31.88ms (=1/31)
34.4569 	WARNING 	Couldn't measure a consistent frame rate!
  - Is your graphics card set to sync to vertical blank?
  - Are you running other processes on your computer?

34.4698 	WARNING 	launchHubServer: If using the iohub mouse or eyetracker devices, fullScr should be True.
38.0924 	INFO 	keyboard.Keyboard is using iohub backend.
38.0925 	INFO 	keyboard.Keyboard is using iohub backend.
38.0925 	INFO 	keyboard.Keyboard is using iohub backend.
38.0925 	INFO 	keyboard.Keyboard is using iohub backend.
38.0925 	INFO 	keyboard.Keyboard is using iohub backend.
38.0926 	INFO 	keyboard.Keyboard is using iohub backend.
38.0926 	INFO 	keyboard.Keyboard is using iohub backend.
38.0926 	EXP 	RES501: status = STARTED
38.1431 	EXP 	Created textWelcScreen = TextStim(__class__=<class 'psychopy.visual.text.TextStim'>, alignHoriz=method-wrapper(...), alignText='center', alignVert=method-wrapper(...), anchorHoriz='center', anchorVert='center', antialias=True, autoDraw=False, autoLog=True, bold=False, color=array([1., 1., 1.]), colorSpace='rgb', contrast=1.0, depth=0.0, draggable=False, flipHoriz=False, flipVert=False, font='Arial', fontFiles=[], height=0.05, italic=False, languageStyle='LTR', name='textWelcScreen', opacity=1, ori=0.0, pos=array([0., 0.]), rgb=UNKNOWN, text='Welcome to our Experiment!', units='height', win=Window(...), wrapWidth=1)
38.1622 	EXP 	Created textWelcMessage = TextStim(__class__=<class 'psychopy.visual.text.TextStim'>, alignHoriz=method-wrapper(...), alignText='center', alignVert=method-wrapper(...), anchorHoriz='center', anchorVert='center', antialias=True, autoDraw=False, autoLog=True, bold=False, color=array([1., 1., 1.]), colorSpace='rgb', contrast=1.0, depth=-1.0, draggable=False, flipHoriz=False, flipVert=False, font='Arial', fontFiles=[], height=0.05, italic=False, languageStyle='LTR', name='textWelcMessage', opacity=1, ori=0.0, pos=array([0., 0.]), rgb=UNKNOWN, text=str(...), units='height', win=Window(...), wrapWidth=1)
38.1839 	EXP 	Created image_control = ImageStim(__class__=<class 'psychopy.visual.image.ImageStim'>, anchor=('center', 'center'), autoLog=True, color=array([1., 1., 1.]), colorSpace='rgb', contrast=1.0, depth=-1.0, draggable=False, flipHoriz=False, flipVert=False, image='default.png', interpolate=True, mask=None, maskParams=None, name='image_control', opacity=1, ori=0.0, pos=array([0., 0.]), size=array([1., 1.]), texRes=128.0, units='height', win=Window(...))
38.1848 	EXP 	Created textblank500 = TextStim(__class__=<class 'psychopy.visual.text.TextStim'>, alignHoriz=method-wrapper(...), alignText='center', alignVert=method-wrapper(...), anchorHoriz='center', anchorVert='center', antialias=True, autoDraw=False, autoLog=True, bold=False, color=array([1., 1., 1.]), colorSpace='rgb', contrast=1.0, depth=0.0, draggable=False, flipHoriz=False, flipVert=False, font='Arial', fontFiles=[], height=0.05, italic=False, languageStyle='LTR', name='textblank500', opacity=1, ori=0.0, pos=array([0., 0.]), rgb=UNKNOWN, text='', units='height', win=Window(...), wrapWidth=1)
38.1856 	EXP 	Created textblank500 = TextStim(__class__=<class 'psychopy.visual.text.TextStim'>, alignHoriz=method-wrapper(...), alignText='center', alignVert=method-wrapper(...), anchorHoriz='center', anchorVert='center', antialias=True, autoDraw=False, autoLog=True, bold=False, color=array([1., 1., 1.]), colorSpace='rgb', contrast=1.0, depth=0.0, draggable=False, flipHoriz=False, flipVert=False, font='Arial', fontFiles=[], height=0.05, italic=False, languageStyle='LTR', name='textblank500', opacity=1, ori=0.0, pos=array([0., 0.]), rgb=UNKNOWN, text='', units='height', win=Window(...), wrapWidth=1)
38.1887 	EXP 	Created image_20 = ImageStim(__class__=<class 'psychopy.visual.image.ImageStim'>, anchor=('center', 'center'), autoLog=True, color=array([1., 1., 1.]), colorSpace='rgb', contrast=1.0, depth=-1.0, draggable=False, flipHoriz=False, flipVert=False, image='default.png', interpolate=True, mask=None, maskParams=None, name='image_20', opacity=1, ori=0.0, pos=array([0., 0.]), size=array([1., 1.]), texRes=128.0, units='height', win=Window(...))
38.1895 	EXP 	Created textblank500 = TextStim(__class__=<class 'psychopy.visual.text.TextStim'>, alignHoriz=method-wrapper(...), alignText='center', alignVert=method-wrapper(...), anchorHoriz='center', anchorVert='center', antialias=True, autoDraw=False, autoLog=True, bold=False, color=array([1., 1., 1.]), colorSpace='rgb', contrast=1.0, depth=0.0, draggable=False, flipHoriz=False, flipVert=False, font='Arial', fontFiles=[], height=0.05, italic=False, languageStyle='LTR', name='textblank500', opacity=1, ori=0.0, pos=array([0., 0.]), rgb=UNKNOWN, text='', units='height', win=Window(...), wrapWidth=1)
38.1903 	EXP 	Created textblank500 = TextStim(__class__=<class 'psychopy.visual.text.TextStim'>, alignHoriz=method-wrapper(...), alignText='center', alignVert=method-wrapper(...), anchorHoriz='center', anchorVert='center', antialias=True, autoDraw=False, autoLog=True, bold=False, color=array([1., 1., 1.]), colorSpace='rgb', contrast=1.0, depth=0.0, draggable=False, flipHoriz=False, flipVert=False, font='Arial', fontFiles=[], height=0.05, italic=False, languageStyle='LTR', name='textblank500', opacity=1, ori=0.0, pos=array([0., 0.]), rgb=UNKNOWN, text='', units='height', win=Window(...), wrapWidth=1)
38.1932 	EXP 	Created image_30 = ImageStim(__class__=<class 'psychopy.visual.image.ImageStim'>, anchor=('center', 'center'), autoLog=True, color=array([1., 1., 1.]), colorSpace='rgb', contrast=1.0, depth=-1.0, draggable=False, flipHoriz=False, flipVert=False, image='default.png', interpolate=True, mask=None, maskParams=None, name='image_30', opacity=1, ori=0.0, pos=array([0., 0.]), size=array([1., 1.]), texRes=128.0, units='height', win=Window(...))
38.1941 	EXP 	Created textblank500 = TextStim(__class__=<class 'psychopy.visual.text.TextStim'>, alignHoriz=method-wrapper(...), alignText='center', alignVert=method-wrapper(...), anchorHoriz='center', anchorVert='center', antialias=True, autoDraw=False, autoLog=True, bold=False, color=array([1., 1., 1.]), colorSpace='rgb', contrast=1.0, depth=0.0, draggable=False, flipHoriz=False, flipVert=False, font='Arial', fontFiles=[], height=0.05, italic=False, languageStyle='LTR', name='textblank500', opacity=1, ori=0.0, pos=array([0., 0.]), rgb=UNKNOWN, text='', units='height', win=Window(...), wrapWidth=1)
38.1949 	EXP 	Created textblank500 = TextStim(__class__=<class 'psychopy.visual.text.TextStim'>, alignHoriz=method-wrapper(...), alignText='center', alignVert=method-wrapper(...), anchorHoriz='center', anchorVert='center', antialias=True, autoDraw=False, autoLog=True, bold=False, color=array([1., 1., 1.]), colorSpace='rgb', contrast=1.0, depth=0.0, draggable=False, flipHoriz=False, flipVert=False, font='Arial', fontFiles=[], height=0.05, italic=False, languageStyle='LTR', name='textblank500', opacity=1, ori=0.0, pos=array([0., 0.]), rgb=UNKNOWN, text='', units='height', win=Window(...), wrapWidth=1)
38.1978 	EXP 	Created image_bundling = ImageStim(__class__=<class 'psychopy.visual.image.ImageStim'>, anchor=('center', 'center'), autoLog=True, color=array([1., 1., 1.]), colorSpace='rgb', contrast=1.0, depth=-1.0, draggable=False, flipHoriz=False, flipVert=False, image='default.png', interpolate=True, mask=None, maskParams=None, name='image_bundling', opacity=1, ori=0.0, pos=array([0., 0.]), size=array([1., 1.]), texRes=128.0, units='height', win=Window(...))
38.1986 	EXP 	Created textblank500 = TextStim(__class__=<class 'psychopy.visual.text.TextStim'>, alignHoriz=method-wrapper(...), alignText='center', alignVert=method-wrapper(...), anchorHoriz='center', anchorVert='center', antialias=True, autoDraw=False, autoLog=True, bold=False, color=array([1., 1., 1.]), colorSpace='rgb', contrast=1.0, depth=0.0, draggable=False, flipHoriz=False, flipVert=False, font='Arial', fontFiles=[], height=0.05, italic=False, languageStyle='LTR', name='textblank500', opacity=1, ori=0.0, pos=array([0., 0.]), rgb=UNKNOWN, text='', units='height', win=Window(...), wrapWidth=1)
38.1993 	EXP 	Created textblank500 = TextStim(__class__=<class 'psychopy.visual.text.TextStim'>, alignHoriz=method-wrapper(...), alignText='center', alignVert=method-wrapper(...), anchorHoriz='center', anchorVert='center', antialias=True, autoDraw=False, autoLog=True, bold=False, color=array([1., 1., 1.]), colorSpace='rgb', contrast=1.0, depth=0.0, draggable=False, flipHoriz=False, flipVert=False, font='Arial', fontFiles=[], height=0.05, italic=False, languageStyle='LTR', name='textblank500', opacity=1, ori=0.0, pos=array([0., 0.]), rgb=UNKNOWN, text='', units='height', win=Window(...), wrapWidth=1)
38.2043 	EXP 	Created textEndScreen = TextStim(__class__=<class 'psychopy.visual.text.TextStim'>, alignHoriz=method-wrapper(...), alignText='center', alignVert=method-wrapper(...), anchorHoriz='center', anchorVert='center', antialias=True, autoDraw=False, autoLog=True, bold=False, color=array([1., 1., 1.]), colorSpace='rgb', contrast=1.0, depth=0.0, draggable=False, flipHoriz=False, flipVert=False, font='Arial', fontFiles=[], height=0.05, italic=False, languageStyle='LTR', name='textEndScreen', opacity=1, ori=0.0, pos=array([0., 0.]), rgb=UNKNOWN, text=str(...), units='height', win=Window(...), wrapWidth=1)
0.0390 	EXP 	textWelcScreen: autoDraw = True
2.0345 	EXP 	textWelcScreen: autoDraw = False
2.0947 	EXP 	textWelcMessage: autoDraw = True
2.9954 	INFO 	Keyboard events cleared
8.9219 	DATA 	Mouse: Left button down, pos=(703,634)
8.9251 	DATA 	Mouse:  Left button up, pos=(703,634)
8.9304 	WARNING 	t of last frame was 28.73ms (=1/34)
27.5896 	WARNING 	t of last frame was 93.89ms (=1/10)
27.6470 	DATA 	Keypress: 3
27.6537 	WARNING 	t of last frame was 64.14ms (=1/15)
32.3366 	EXP 	New trial (rep=0, index=0): <Trial 0 (0 in rep 0) data={'thisN': 0, 'thisTrialN': 0, 'thisRepN': 0}>
32.3928 	DATA 	Keypress: space
32.3995 	WARNING 	Multiple dropped frames have occurred - I'll stop bothering you about them!
32.3995 	EXP 	textWelcScreen: autoDraw = False
32.3995 	EXP 	textWelcMessage: autoDraw = False
32.3995 	EXP 	image_control: image = '/Users/manastanavde/Downloads/PsychoPy/RES501/Control_SubPlans/SonyLivControl.jpg'
32.3995 	EXP 	image_control: autoDraw = True
32.5293 	INFO 	Keyboard events cleared
67.8905 	EXP 	image_control: autoDraw = False
67.8905 	EXP 	textblank500: autoDraw = True
67.8945 	DATA 	Keypress: 3
68.3814 	EXP 	New trial (rep=1, index=0): <Trial 1 (0 in rep 1) data={'thisN': 1, 'thisTrialN': 0, 'thisRepN': 1}>
68.4352 	EXP 	textblank500: autoDraw = False
68.4352 	EXP 	textblank500: autoDraw = False
68.4352 	EXP 	image_control: image = '/Users/manastanavde/Downloads/PsychoPy/RES501/Control_SubPlans/CrunchyrollControl.jpg'
68.4352 	EXP 	image_control: autoDraw = True
68.5805 	INFO 	Keyboard events cleared
128.4267 	DATA 	Keypress: 2
128.4333 	EXP 	image_control: autoDraw = False
128.4333 	EXP 	textblank500: autoDraw = True
128.9214 	EXP 	New trial (rep=2, index=0): <Trial 2 (0 in rep 2) data={'thisN': 2, 'thisTrialN': 0, 'thisRepN': 2}>
128.9722 	EXP 	textblank500: autoDraw = False
128.9722 	EXP 	image_control: image = '/Users/manastanavde/Downloads/PsychoPy/RES501/Control_SubPlans/NetflixControl.jpg'
128.9722 	EXP 	image_control: autoDraw = True
129.1153 	INFO 	Keyboard events cleared
153.7630 	DATA 	Keypress: 2
153.7677 	EXP 	image_control: autoDraw = False
153.7677 	EXP 	textblank500: autoDraw = True
154.2495 	EXP 	New trial (rep=3, index=0): <Trial 3 (0 in rep 3) data={'thisN': 3, 'thisTrialN': 0, 'thisRepN': 3}>
154.2842 	EXP 	textblank500: autoDraw = False
154.2842 	EXP 	image_control: image = '/Users/manastanavde/Downloads/PsychoPy/RES501/Control_SubPlans/HotstarControl.jpg'
154.2842 	EXP 	image_control: autoDraw = True
154.4400 	INFO 	Keyboard events cleared
203.2632 	EXP 	image_control: autoDraw = False
203.2632 	EXP 	textblank500: autoDraw = True
203.2679 	DATA 	Keypress: 1
203.7513 	EXP 	New trial (rep=4, index=0): <Trial 4 (0 in rep 4) data={'thisN': 4, 'thisTrialN': 0, 'thisRepN': 4}>
203.7855 	EXP 	textblank500: autoDraw = False
203.7855 	EXP 	textblank500: autoDraw = False
203.7855 	EXP 	image_control: image = '/Users/manastanavde/Downloads/PsychoPy/RES501/Control_SubPlans/Zee5Control.jpg'
203.7855 	EXP 	image_control: autoDraw = True
203.9504 	INFO 	Keyboard events cleared
218.0132 	DATA 	Keypress: 3
218.0343 	EXP 	image_control: autoDraw = False
218.0343 	EXP 	textblank500: autoDraw = True
218.5178 	EXP 	New trial (rep=5, index=0): <Trial 5 (0 in rep 5) data={'thisN': 5, 'thisTrialN': 0, 'thisRepN': 5}>
218.5492 	EXP 	textblank500: autoDraw = False
218.5492 	EXP 	image_control: image = '/Users/manastanavde/Downloads/PsychoPy/RES501/Control_SubPlans/AppleOneControl.jpg'
218.5492 	EXP 	image_control: autoDraw = True
218.7076 	INFO 	Keyboard events cleared
236.6317 	DATA 	Keypress: 2
236.6382 	EXP 	image_control: autoDraw = False
236.6382 	EXP 	textblank500: autoDraw = True
237.1345 	EXP 	textblank500: autoDraw = False
237.1345 	EXP 	textblank500: autoDraw = False
237.1345 	EXP 	textblank500: autoDraw = True
237.6198 	EXP 	New trial (rep=0, index=0): <Trial 0 (0 in rep 0) data={'thisN': 0, 'thisTrialN': 0, 'thisRepN': 0}>
237.6483 	EXP 	textblank500: autoDraw = False
237.6483 	EXP 	textblank500: autoDraw = False
237.6483 	EXP 	image_20: image = '/Users/manastanavde/Downloads/PsychoPy/RES501/20_SubPlans/Zee520.jpg'
237.6483 	EXP 	image_20: autoDraw = True
237.8248 	INFO 	Keyboard events cleared
243.2970 	DATA 	Keypress: 3
243.3182 	EXP 	image_20: autoDraw = False
243.3182 	EXP 	textblank500: autoDraw = True
243.8016 	EXP 	New trial (rep=1, index=0): <Trial 1 (0 in rep 1) data={'thisN': 1, 'thisTrialN': 0, 'thisRepN': 1}>
243.8405 	EXP 	textblank500: autoDraw = False
243.8405 	EXP 	image_20: image = '/Users/manastanavde/Downloads/PsychoPy/RES501/20_SubPlans/Crunchyroll20.jpg'
243.8405 	EXP 	image_20: autoDraw = True
243.9917 	INFO 	Keyboard events cleared
280.9213 	DATA 	Keypress: 2
280.9274 	EXP 	image_20: autoDraw = False
280.9274 	EXP 	textblank500: autoDraw = True
281.4195 	EXP 	New trial (rep=2, index=0): <Trial 2 (0 in rep 2) data={'thisN': 2, 'thisTrialN': 0, 'thisRepN': 2}>
281.4838 	EXP 	textblank500: autoDraw = False
281.4838 	EXP 	image_20: image = '/Users/manastanavde/Downloads/PsychoPy/RES501/20_SubPlans/Netflix20.jpg'
281.4838 	EXP 	image_20: autoDraw = True
281.6087 	INFO 	Keyboard events cleared
332.1837 	DATA 	Keypress: 2
332.1900 	EXP 	image_20: autoDraw = False
332.1900 	EXP 	textblank500: autoDraw = True
332.6767 	EXP 	New trial (rep=3, index=0): <Trial 3 (0 in rep 3) data={'thisN': 3, 'thisTrialN': 0, 'thisRepN': 3}>
332.7235 	EXP 	textblank500: autoDraw = False
332.7235 	EXP 	textblank500: autoDraw = False
332.7235 	EXP 	image_20: image = '/Users/manastanavde/Downloads/PsychoPy/RES501/20_SubPlans/Hotstar20.jpg'
332.7235 	EXP 	image_20: autoDraw = True
332.8696 	INFO 	Keyboard events cleared
342.4438 	EXP 	image_20: autoDraw = False
342.4438 	EXP 	textblank500: autoDraw = True
342.4471 	DATA 	Keypress: 1
342.9375 	EXP 	New trial (rep=4, index=0): <Trial 4 (0 in rep 4) data={'thisN': 4, 'thisTrialN': 0, 'thisRepN': 4}>
342.9783 	EXP 	textblank500: autoDraw = False
342.9783 	EXP 	textblank500: autoDraw = False
342.9783 	EXP 	image_20: image = '/Users/manastanavde/Downloads/PsychoPy/RES501/20_SubPlans/AppleOne20.jpg'
342.9783 	EXP 	image_20: autoDraw = True
343.1366 	INFO 	Keyboard events cleared
356.1335 	DATA 	Keypress: 2
356.1408 	EXP 	image_20: autoDraw = False
356.1408 	EXP 	textblank500: autoDraw = True
356.6266 	EXP 	New trial (rep=5, index=0): <Trial 5 (0 in rep 5) data={'thisN': 5, 'thisTrialN': 0, 'thisRepN': 5}>
356.6764 	EXP 	textblank500: autoDraw = False
356.6764 	EXP 	textblank500: autoDraw = False
356.6764 	EXP 	image_20: image = '/Users/manastanavde/Downloads/PsychoPy/RES501/20_SubPlans/SonyLiv20.jpg'
356.6764 	EXP 	image_20: autoDraw = True
356.8271 	INFO 	Keyboard events cleared
379.5957 	DATA 	Keypress: 2
379.6036 	EXP 	image_20: autoDraw = False
379.6036 	EXP 	textblank500: autoDraw = True
380.0932 	EXP 	textblank500: autoDraw = False
380.0932 	EXP 	textblank500: autoDraw = False
380.0932 	EXP 	textblank500: autoDraw = True
380.5786 	EXP 	New trial (rep=0, index=0): <Trial 0 (0 in rep 0) data={'thisN': 0, 'thisTrialN': 0, 'thisRepN': 0}>
380.6389 	EXP 	textblank500: autoDraw = False
380.6389 	EXP 	textblank500: autoDraw = False
380.6389 	EXP 	image_30: image = '/Users/manastanavde/Downloads/PsychoPy/RES501/30_SubPlans/SonyLiv30.jpg'
380.6389 	EXP 	image_30: autoDraw = True
380.7874 	INFO 	Keyboard events cleared
387.4504 	DATA 	Keypress: 2
387.4589 	EXP 	image_30: autoDraw = False
387.4589 	EXP 	textblank500: autoDraw = True
387.9436 	EXP 	New trial (rep=1, index=0): <Trial 1 (0 in rep 1) data={'thisN': 1, 'thisTrialN': 0, 'thisRepN': 1}>
387.9728 	EXP 	textblank500: autoDraw = False
387.9728 	EXP 	textblank500: autoDraw = False
387.9728 	EXP 	image_30: image = '/Users/manastanavde/Downloads/PsychoPy/RES501/30_SubPlans/AppleOne30.jpg'
387.9728 	EXP 	image_30: autoDraw = True
388.1451 	INFO 	Keyboard events cleared
393.1772 	EXP 	image_30: autoDraw = False
393.1772 	EXP 	textblank500: autoDraw = True
393.1803 	DATA 	Keypress: 2
393.6610 	EXP 	New trial (rep=2, index=0): <Trial 2 (0 in rep 2) data={'thisN': 2, 'thisTrialN': 0, 'thisRepN': 2}>
393.6955 	EXP 	textblank500: autoDraw = False
393.6955 	EXP 	textblank500: autoDraw = False
393.6955 	EXP 	image_30: image = '/Users/manastanavde/Downloads/PsychoPy/RES501/30_SubPlans/Netflix30.jpg'
393.6955 	EXP 	image_30: autoDraw = True
393.8710 	INFO 	Keyboard events cleared
414.7116 	EXP 	image_30: autoDraw = False
414.7116 	EXP 	textblank500: autoDraw = True
414.7200 	DATA 	Keypress: 3
415.2060 	EXP 	New trial (rep=3, index=0): <Trial 3 (0 in rep 3) data={'thisN': 3, 'thisTrialN': 0, 'thisRepN': 3}>
415.2564 	EXP 	textblank500: autoDraw = False
415.2564 	EXP 	textblank500: autoDraw = False
415.2564 	EXP 	image_30: image = '/Users/manastanavde/Downloads/PsychoPy/RES501/30_SubPlans/Zee530.jpg'
415.2564 	EXP 	image_30: autoDraw = True
415.4047 	INFO 	Keyboard events cleared
427.0851 	DATA 	Keypress: 2
427.0930 	EXP 	image_30: autoDraw = False
427.0930 	EXP 	textblank500: autoDraw = True
427.5782 	EXP 	New trial (rep=4, index=0): <Trial 4 (0 in rep 4) data={'thisN': 4, 'thisTrialN': 0, 'thisRepN': 4}>
427.6180 	EXP 	textblank500: autoDraw = False
427.6180 	EXP 	textblank500: autoDraw = False
427.6180 	EXP 	image_30: image = '/Users/manastanavde/Downloads/PsychoPy/RES501/30_SubPlans/Hotstar30.jpg'
427.6180 	EXP 	image_30: autoDraw = True
427.7785 	INFO 	Keyboard events cleared
456.1528 	DATA 	Keypress: 3
456.1598 	EXP 	image_30: autoDraw = False
456.1598 	EXP 	textblank500: autoDraw = True
456.6457 	EXP 	New trial (rep=5, index=0): <Trial 5 (0 in rep 5) data={'thisN': 5, 'thisTrialN': 0, 'thisRepN': 5}>
456.6817 	EXP 	textblank500: autoDraw = False
456.6817 	EXP 	textblank500: autoDraw = False
456.6817 	EXP 	image_30: image = '/Users/manastanavde/Downloads/PsychoPy/RES501/30_SubPlans/Crunchyroll30.jpg'
456.6817 	EXP 	image_30: autoDraw = True
456.8455 	INFO 	Keyboard events cleared
463.4031 	DATA 	Keypress: 2
463.4090 	EXP 	image_30: autoDraw = False
463.4090 	EXP 	textblank500: autoDraw = True
463.9058 	EXP 	textblank500: autoDraw = False
463.9058 	EXP 	textblank500: autoDraw = False
463.9058 	EXP 	textblank500: autoDraw = True
464.3987 	EXP 	New trial (rep=0, index=0): <Trial 0 (0 in rep 0) data={'thisN': 0, 'thisTrialN': 0, 'thisRepN': 0}>
464.4308 	EXP 	textblank500: autoDraw = False
464.4308 	EXP 	textblank500: autoDraw = False
464.4308 	EXP 	image_bundling: image = '/Users/manastanavde/Downloads/PsychoPy/RES501/Bundling_SubPlans/NetflixBundling.jpg'
464.4308 	EXP 	image_bundling: autoDraw = True
464.5955 	INFO 	Keyboard events cleared
473.0444 	EXP 	image_bundling: autoDraw = False
473.0444 	EXP 	textblank500: autoDraw = True
473.0466 	DATA 	Keypress: 2
473.5287 	EXP 	New trial (rep=1, index=0): <Trial 1 (0 in rep 1) data={'thisN': 1, 'thisTrialN': 0, 'thisRepN': 1}>
473.5631 	EXP 	textblank500: autoDraw = False
473.5631 	EXP 	textblank500: autoDraw = False
473.5631 	EXP 	image_bundling: image = '/Users/manastanavde/Downloads/PsychoPy/RES501/Bundling_SubPlans/HotstarBundling.jpg'
473.5631 	EXP 	image_bundling: autoDraw = True
473.7392 	INFO 	Keyboard events cleared
481.5940 	DATA 	Keypress: 3
481.5993 	EXP 	image_bundling: autoDraw = False
481.5993 	EXP 	textblank500: autoDraw = True
482.0902 	EXP 	New trial (rep=2, index=0): <Trial 2 (0 in rep 2) data={'thisN': 2, 'thisTrialN': 0, 'thisRepN': 2}>
482.1235 	EXP 	textblank500: autoDraw = False
482.1235 	EXP 	textblank500: autoDraw = False
482.1235 	EXP 	image_bundling: image = '/Users/manastanavde/Downloads/PsychoPy/RES501/Bundling_SubPlans/CrunchyrollBundling.jpg'
482.1235 	EXP 	image_bundling: autoDraw = True
482.2892 	INFO 	Keyboard events cleared
496.1463 	DATA 	Keypress: 2
496.1525 	EXP 	image_bundling: autoDraw = False
496.1525 	EXP 	textblank500: autoDraw = True
496.6405 	EXP 	New trial (rep=3, index=0): <Trial 3 (0 in rep 3) data={'thisN': 3, 'thisTrialN': 0, 'thisRepN': 3}>
496.6710 	EXP 	textblank500: autoDraw = False
496.6710 	EXP 	textblank500: autoDraw = False
496.6710 	EXP 	image_bundling: image = '/Users/manastanavde/Downloads/PsychoPy/RES501/Bundling_SubPlans/AppleOneBundling.jpg'
496.6710 	EXP 	image_bundling: autoDraw = True
496.8396 	INFO 	Keyboard events cleared
504.0811 	EXP 	image_bundling: autoDraw = False
504.0811 	EXP 	textblank500: autoDraw = True
504.0856 	DATA 	Keypress: 2
504.5740 	EXP 	New trial (rep=4, index=0): <Trial 4 (0 in rep 4) data={'thisN': 4, 'thisTrialN': 0, 'thisRepN': 4}>
504.6139 	EXP 	textblank500: autoDraw = False
504.6139 	EXP 	textblank500: autoDraw = False
504.6139 	EXP 	image_bundling: image = '/Users/manastanavde/Downloads/PsychoPy/RES501/Bundling_SubPlans/Zee5Bundling.jpg'
504.6139 	EXP 	image_bundling: autoDraw = True
504.7731 	INFO 	Keyboard events cleared
520.6705 	DATA 	Keypress: 1
520.6766 	EXP 	image_bundling: autoDraw = False
520.6766 	EXP 	textblank500: autoDraw = True
521.1632 	EXP 	New trial (rep=5, index=0): <Trial 5 (0 in rep 5) data={'thisN': 5, 'thisTrialN': 0, 'thisRepN': 5}>
521.2066 	EXP 	textblank500: autoDraw = False
521.2066 	EXP 	textblank500: autoDraw = False
521.2066 	EXP 	image_bundling: image = '/Users/manastanavde/Downloads/PsychoPy/RES501/Bundling_SubPlans/SonyLivBundling.jpg'
521.2066 	EXP 	image_bundling: autoDraw = True
521.3631 	INFO 	Keyboard events cleared
535.3622 	EXP 	image_bundling: autoDraw = False
535.3622 	EXP 	textblank500: autoDraw = True
535.3673 	DATA 	Keypress: 2
535.8571 	EXP 	textblank500: autoDraw = False
535.8571 	EXP 	textblank500: autoDraw = False
535.8571 	EXP 	textblank500: autoDraw = True
536.3676 	EXP 	textblank500: autoDraw = False
536.3676 	EXP 	textblank500: autoDraw = False
536.3676 	EXP 	textEndScreen: autoDraw = True
537.3467 	INFO 	Keyboard events cleared
542.2365 	DATA 	Keypress: space
542.2445 	EXP 	textEndScreen: autoDraw = False
542.2447 	EXP 	RES501: status = STOPPED
542.2630 	INFO 	saved data to '/Users/manastanavde/Downloads/PsychoPy/RES501/data/97049_RES501_2025-03-27_17h48.22.754.csv'
542.2770 	INFO 	saved data to /Users/manastanavde/Downloads/PsychoPy/RES501/data/97049_RES501_2025-03-27_17h48.22.754.psydat
